[2020-05-24 19:24:22] [INFO] 训练集数量:263505 测试集样本数量:30000 
[2020-05-24 19:24:22] [INFO] embedding级别:char 词典大小:15415 每个样本保留最长句子数:10 每句保留最长词\字数:50
[2020-05-24 19:24:26] [INFO] 
FastText 开始训练.....
[2020-05-24 19:24:59] [INFO] 训练周期:1/100 训练集 loss:0.9560 验证集 loss:0.8546 acc:0.8952
[2020-05-24 19:25:32] [INFO] 训练周期:2/100 训练集 loss:0.8426 验证集 loss:0.8342 acc:0.9091
[2020-05-24 19:26:06] [INFO] 训练周期:3/100 训练集 loss:0.8285 验证集 loss:0.8253 acc:0.9164
[2020-05-24 19:26:39] [INFO] 训练周期:4/100 训练集 loss:0.8205 验证集 loss:0.8199 acc:0.9219
[2020-05-24 19:27:12] [INFO] 训练周期:5/100 训练集 loss:0.8153 验证集 loss:0.8163 acc:0.9256
[2020-05-24 19:27:48] [INFO] 训练周期:6/100 训练集 loss:0.8116 验证集 loss:0.8137 acc:0.9279
[2020-05-24 19:28:25] [INFO] 训练周期:7/100 训练集 loss:0.8090 验证集 loss:0.8119 acc:0.9299
[2020-05-24 19:28:58] [INFO] 训练周期:8/100 训练集 loss:0.8068 验证集 loss:0.8104 acc:0.9312
[2020-05-24 19:29:31] [INFO] 训练周期:9/100 训练集 loss:0.8051 验证集 loss:0.8092 acc:0.9320
[2020-05-24 19:30:05] [INFO] 训练周期:10/100 训练集 loss:0.8036 验证集 loss:0.8081 acc:0.9333
[2020-05-24 19:30:38] [INFO] 训练周期:11/100 训练集 loss:0.8022 验证集 loss:0.8072 acc:0.9340
[2020-05-24 19:31:11] [INFO] 训练周期:12/100 训练集 loss:0.8010 验证集 loss:0.8064 acc:0.9348
[2020-05-24 19:31:44] [INFO] 训练周期:13/100 训练集 loss:0.8000 验证集 loss:0.8058 acc:0.9355
[2020-05-24 19:32:17] [INFO] 训练周期:14/100 训练集 loss:0.7990 验证集 loss:0.8052 acc:0.9361
[2020-05-24 19:32:50] [INFO] 训练周期:15/100 训练集 loss:0.7981 验证集 loss:0.8046 acc:0.9364
[2020-05-24 19:33:24] [INFO] 训练周期:16/100 训练集 loss:0.7973 验证集 loss:0.8042 acc:0.9364
[2020-05-24 19:33:57] [INFO] 训练周期:17/100 训练集 loss:0.7966 验证集 loss:0.8038 acc:0.9367
[2020-05-24 19:34:30] [INFO] 训练周期:18/100 训练集 loss:0.7959 验证集 loss:0.8034 acc:0.9370
[2020-05-24 19:35:02] [INFO] 训练周期:19/100 训练集 loss:0.7952 验证集 loss:0.8031 acc:0.9370
[2020-05-24 19:35:36] [INFO] 训练周期:20/100 训练集 loss:0.7946 验证集 loss:0.8027 acc:0.9373
[2020-05-24 19:36:15] [INFO] 训练周期:21/100 训练集 loss:0.7941 验证集 loss:0.8024 acc:0.9372
[2020-05-24 19:36:48] [INFO] 训练周期:22/100 训练集 loss:0.7935 验证集 loss:0.8022 acc:0.9375
[2020-05-24 19:37:19] [INFO] 训练周期:23/100 训练集 loss:0.7930 验证集 loss:0.8019 acc:0.9375
[2020-05-24 19:37:52] [INFO] 训练周期:24/100 训练集 loss:0.7925 验证集 loss:0.8017 acc:0.9379
[2020-05-24 19:38:27] [INFO] 训练周期:25/100 训练集 loss:0.7921 验证集 loss:0.8015 acc:0.9383
[2020-05-24 19:39:01] [INFO] 训练周期:26/100 训练集 loss:0.7916 验证集 loss:0.8013 acc:0.9385
[2020-05-24 19:39:36] [INFO] 训练周期:27/100 训练集 loss:0.7912 验证集 loss:0.8011 acc:0.9388
[2020-05-24 19:40:10] [INFO] 训练周期:28/100 训练集 loss:0.7908 验证集 loss:0.8009 acc:0.9391
[2020-05-24 19:40:43] [INFO] 训练周期:29/100 训练集 loss:0.7904 验证集 loss:0.8008 acc:0.9395
[2020-05-24 19:41:16] [INFO] 训练周期:30/100 训练集 loss:0.7900 验证集 loss:0.8006 acc:0.9398
[2020-05-24 19:41:50] [INFO] 训练周期:31/100 训练集 loss:0.7897 验证集 loss:0.8005 acc:0.9397
[2020-05-24 19:42:23] [INFO] 训练周期:32/100 训练集 loss:0.7893 验证集 loss:0.8004 acc:0.9399
[2020-05-24 19:42:56] [INFO] 训练周期:33/100 训练集 loss:0.7890 验证集 loss:0.8002 acc:0.9399
[2020-05-24 19:43:31] [INFO] 训练周期:34/100 训练集 loss:0.7887 验证集 loss:0.8002 acc:0.9398
[2020-05-24 19:44:09] [INFO] 训练周期:35/100 训练集 loss:0.7884 验证集 loss:0.8001 acc:0.9397
[2020-05-24 19:44:40] [INFO] 训练周期:36/100 训练集 loss:0.7880 验证集 loss:0.8000 acc:0.9396
[2020-05-24 19:45:11] [INFO] 训练周期:37/100 训练集 loss:0.7877 验证集 loss:0.7999 acc:0.9399
[2020-05-24 19:45:46] [INFO] 训练周期:38/100 训练集 loss:0.7874 验证集 loss:0.7998 acc:0.9399
[2020-05-24 19:46:20] [INFO] 训练周期:39/100 训练集 loss:0.7872 验证集 loss:0.7998 acc:0.9400
[2020-05-24 19:46:53] [INFO] 训练周期:40/100 训练集 loss:0.7869 验证集 loss:0.7997 acc:0.9399
[2020-05-24 19:47:24] [INFO] 训练周期:41/100 训练集 loss:0.7866 验证集 loss:0.7996 acc:0.9402
[2020-05-24 19:47:59] [INFO] 训练周期:42/100 训练集 loss:0.7863 验证集 loss:0.7995 acc:0.9402
[2020-05-24 19:48:32] [INFO] 训练周期:43/100 训练集 loss:0.7861 验证集 loss:0.7995 acc:0.9401
[2020-05-24 19:49:06] [INFO] 训练周期:44/100 训练集 loss:0.7858 验证集 loss:0.7995 acc:0.9400
[2020-05-24 19:49:39] [INFO] 训练周期:45/100 训练集 loss:0.7856 验证集 loss:0.7994 acc:0.9399
[2020-05-24 19:50:14] [INFO] 训练周期:46/100 训练集 loss:0.7853 验证集 loss:0.7994 acc:0.9400
[2020-05-24 19:50:47] [INFO] 训练周期:47/100 训练集 loss:0.7851 验证集 loss:0.7994 acc:0.9399
[2020-05-24 19:51:21] [INFO] 训练周期:48/100 训练集 loss:0.7848 验证集 loss:0.7994 acc:0.9399
[2020-05-24 19:51:55] [INFO] 训练周期:49/100 训练集 loss:0.7846 验证集 loss:0.7994 acc:0.9397
[2020-05-24 19:52:29] [INFO] 训练周期:50/100 训练集 loss:0.7844 验证集 loss:0.7994 acc:0.9400
[2020-05-24 19:53:02] [INFO] 训练周期:51/100 训练集 loss:0.7841 验证集 loss:0.7993 acc:0.9400
[2020-05-24 19:53:38] [INFO] 训练周期:52/100 训练集 loss:0.7839 验证集 loss:0.7993 acc:0.9401
[2020-05-24 19:54:12] [INFO] 训练周期:53/100 训练集 loss:0.7837 验证集 loss:0.7993 acc:0.9402
[2020-05-24 19:54:45] [INFO] 训练周期:54/100 训练集 loss:0.7835 验证集 loss:0.7993 acc:0.9402
[2020-05-24 19:55:18] [INFO] 训练周期:55/100 训练集 loss:0.7833 验证集 loss:0.7993 acc:0.9402
[2020-05-24 19:55:52] [INFO] 训练周期:56/100 训练集 loss:0.7831 验证集 loss:0.7992 acc:0.9403
[2020-05-24 19:56:24] [INFO] 训练周期:57/100 训练集 loss:0.7829 验证集 loss:0.7992 acc:0.9403
[2020-05-24 19:56:58] [INFO] 训练周期:58/100 训练集 loss:0.7827 验证集 loss:0.7992 acc:0.9404
[2020-05-24 19:57:30] [INFO] 训练周期:59/100 训练集 loss:0.7825 验证集 loss:0.7992 acc:0.9407
[2020-05-24 19:58:04] [INFO] 训练周期:60/100 训练集 loss:0.7824 验证集 loss:0.7991 acc:0.9406
[2020-05-24 19:58:38] [INFO] 训练周期:61/100 训练集 loss:0.7822 验证集 loss:0.7991 acc:0.9407
[2020-05-24 19:59:11] [INFO] 训练周期:62/100 训练集 loss:0.7820 验证集 loss:0.7990 acc:0.9408
[2020-05-24 19:59:46] [INFO] 训练周期:63/100 训练集 loss:0.7818 验证集 loss:0.7990 acc:0.9408
[2020-05-24 20:00:19] [INFO] 训练周期:64/100 训练集 loss:0.7817 验证集 loss:0.7990 acc:0.9407
[2020-05-24 20:00:52] [INFO] 训练周期:65/100 训练集 loss:0.7815 验证集 loss:0.7989 acc:0.9406
[2020-05-24 20:01:24] [INFO] 训练周期:66/100 训练集 loss:0.7813 验证集 loss:0.7989 acc:0.9405
[2020-05-24 20:01:57] [INFO] 训练周期:67/100 训练集 loss:0.7812 验证集 loss:0.7989 acc:0.9405
[2020-05-24 20:02:30] [INFO] 训练周期:68/100 训练集 loss:0.7810 验证集 loss:0.7989 acc:0.9405
[2020-05-24 20:03:03] [INFO] 训练周期:69/100 训练集 loss:0.7809 验证集 loss:0.7988 acc:0.9404
[2020-05-24 20:03:36] [INFO] 训练周期:70/100 训练集 loss:0.7808 验证集 loss:0.7988 acc:0.9405
[2020-05-24 20:04:10] [INFO] 训练周期:71/100 训练集 loss:0.7806 验证集 loss:0.7988 acc:0.9407
[2020-05-24 20:04:43] [INFO] 训练周期:72/100 训练集 loss:0.7805 验证集 loss:0.7988 acc:0.9407
[2020-05-24 20:05:16] [INFO] 训练周期:73/100 训练集 loss:0.7803 验证集 loss:0.7988 acc:0.9407
[2020-05-24 20:05:47] [INFO] 训练周期:74/100 训练集 loss:0.7802 验证集 loss:0.7988 acc:0.9406
[2020-05-24 20:06:18] [INFO] 训练周期:75/100 训练集 loss:0.7800 验证集 loss:0.7988 acc:0.9407
[2020-05-24 20:06:49] [INFO] 训练周期:76/100 训练集 loss:0.7799 验证集 loss:0.7988 acc:0.9407
[2020-05-24 20:07:23] [INFO] 训练周期:77/100 训练集 loss:0.7798 验证集 loss:0.7987 acc:0.9406
[2020-05-24 20:07:59] [INFO] 训练周期:78/100 训练集 loss:0.7796 验证集 loss:0.7987 acc:0.9406
[2020-05-24 20:08:33] [INFO] 训练周期:79/100 训练集 loss:0.7795 验证集 loss:0.7986 acc:0.9409
[2020-05-24 20:09:05] [INFO] 训练周期:80/100 训练集 loss:0.7794 验证集 loss:0.7986 acc:0.9408
[2020-05-24 20:09:37] [INFO] 训练周期:81/100 训练集 loss:0.7793 验证集 loss:0.7986 acc:0.9408
[2020-05-24 20:10:10] [INFO] 训练周期:82/100 训练集 loss:0.7792 验证集 loss:0.7985 acc:0.9407
[2020-05-24 20:10:44] [INFO] 训练周期:83/100 训练集 loss:0.7790 验证集 loss:0.7985 acc:0.9409
[2020-05-24 20:11:17] [INFO] 训练周期:84/100 训练集 loss:0.7789 验证集 loss:0.7985 acc:0.9408
[2020-05-24 20:11:50] [INFO] 训练周期:85/100 训练集 loss:0.7788 验证集 loss:0.7984 acc:0.9408
[2020-05-24 20:12:23] [INFO] 训练周期:86/100 训练集 loss:0.7787 验证集 loss:0.7984 acc:0.9408
[2020-05-24 20:12:57] [INFO] 训练周期:87/100 训练集 loss:0.7786 验证集 loss:0.7984 acc:0.9407
[2020-05-24 20:13:30] [INFO] 训练周期:88/100 训练集 loss:0.7784 验证集 loss:0.7984 acc:0.9407
[2020-05-24 20:14:04] [INFO] 训练周期:89/100 训练集 loss:0.7783 验证集 loss:0.7984 acc:0.9408
[2020-05-24 20:14:38] [INFO] 训练周期:90/100 训练集 loss:0.7782 验证集 loss:0.7984 acc:0.9408
[2020-05-24 20:15:15] [INFO] 训练周期:91/100 训练集 loss:0.7781 验证集 loss:0.7985 acc:0.9410
[2020-05-24 20:15:50] [INFO] 训练周期:92/100 训练集 loss:0.7780 验证集 loss:0.7985 acc:0.9409
[2020-05-24 20:15:50] [INFO] 训练损失值持续 5 个周期没有提高，停止训练
[2020-05-24 20:15:50] [INFO] 
TextCNN 开始训练.....
[2020-05-24 20:16:46] [INFO] 训练周期:2/100 训练集 loss:0.8889 验证集 loss:0.8050 acc:0.9377
[2020-05-24 20:17:45] [INFO] 训练周期:3/100 训练集 loss:0.7917 验证集 loss:0.7967 acc:0.9448
[2020-05-24 20:18:42] [INFO] 训练周期:4/100 训练集 loss:0.7841 验证集 loss:0.7808 acc:0.9595
[2020-05-24 20:19:35] [INFO] 训练周期:5/100 训练集 loss:0.7800 验证集 loss:0.7808 acc:0.9584
[2020-05-24 20:20:31] [INFO] 训练周期:6/100 训练集 loss:0.7773 验证集 loss:0.7800 acc:0.9607
[2020-05-24 20:21:26] [INFO] 训练周期:7/100 训练集 loss:0.7756 验证集 loss:0.7795 acc:0.9604
[2020-05-24 20:22:21] [INFO] 训练周期:8/100 训练集 loss:0.7740 验证集 loss:0.7812 acc:0.9611
[2020-05-24 20:23:21] [INFO] 训练周期:9/100 训练集 loss:0.7730 验证集 loss:0.7805 acc:0.9602
[2020-05-24 20:24:17] [INFO] 训练周期:10/100 训练集 loss:0.7719 验证集 loss:0.7766 acc:0.9641
[2020-05-24 20:25:11] [INFO] 训练周期:11/100 训练集 loss:0.7707 验证集 loss:0.7832 acc:0.9579
[2020-05-24 20:26:10] [INFO] 训练周期:12/100 训练集 loss:0.7699 验证集 loss:0.7764 acc:0.9647
[2020-05-24 20:27:06] [INFO] 训练周期:13/100 训练集 loss:0.7692 验证集 loss:0.7751 acc:0.9662
[2020-05-24 20:28:01] [INFO] 训练周期:14/100 训练集 loss:0.7685 验证集 loss:0.7754 acc:0.9662
[2020-05-24 20:28:56] [INFO] 训练周期:15/100 训练集 loss:0.7677 验证集 loss:0.7760 acc:0.9651
[2020-05-24 20:29:50] [INFO] 训练周期:16/100 训练集 loss:0.7675 验证集 loss:0.7772 acc:0.9637
[2020-05-24 20:30:45] [INFO] 训练周期:17/100 训练集 loss:0.7667 验证集 loss:0.7768 acc:0.9657
[2020-05-24 20:31:42] [INFO] 训练周期:18/100 训练集 loss:0.7663 验证集 loss:0.7820 acc:0.9585
[2020-05-24 20:31:42] [INFO] 训练损失值持续 5 个周期没有提高，停止训练
[2020-05-24 20:31:42] [INFO] 
TextRNN 开始训练.....
[2020-05-24 20:32:30] [INFO] 训练周期:2/100 训练集 loss:0.8568 验证集 loss:0.7940 acc:0.9475
[2020-05-24 20:33:16] [INFO] 训练周期:3/100 训练集 loss:0.7960 验证集 loss:0.7897 acc:0.9500
[2020-05-24 20:34:05] [INFO] 训练周期:4/100 训练集 loss:0.7882 验证集 loss:0.7844 acc:0.9562
[2020-05-24 20:34:57] [INFO] 训练周期:5/100 训练集 loss:0.7836 验证集 loss:0.7836 acc:0.9577
[2020-05-24 20:35:46] [INFO] 训练周期:6/100 训练集 loss:0.7808 验证集 loss:0.7787 acc:0.9620
[2020-05-24 20:36:37] [INFO] 训练周期:7/100 训练集 loss:0.7783 验证集 loss:0.7798 acc:0.9617
[2020-05-24 20:37:25] [INFO] 训练周期:8/100 训练集 loss:0.7764 验证集 loss:0.7808 acc:0.9600
[2020-05-24 20:38:12] [INFO] 训练周期:9/100 训练集 loss:0.7750 验证集 loss:0.7776 acc:0.9636
[2020-05-24 20:39:05] [INFO] 训练周期:10/100 训练集 loss:0.7739 验证集 loss:0.7771 acc:0.9628
[2020-05-24 20:39:55] [INFO] 训练周期:11/100 训练集 loss:0.7723 验证集 loss:0.7754 acc:0.9650
[2020-05-24 20:40:46] [INFO] 训练周期:12/100 训练集 loss:0.7709 验证集 loss:0.7752 acc:0.9658
[2020-05-24 20:41:39] [INFO] 训练周期:13/100 训练集 loss:0.7702 验证集 loss:0.7798 acc:0.9606
[2020-05-24 20:42:30] [INFO] 训练周期:14/100 训练集 loss:0.7689 验证集 loss:0.7785 acc:0.9631
[2020-05-24 20:43:20] [INFO] 训练周期:15/100 训练集 loss:0.7685 验证集 loss:0.7761 acc:0.9656
[2020-05-24 20:44:10] [INFO] 训练周期:16/100 训练集 loss:0.7674 验证集 loss:0.7758 acc:0.9661
[2020-05-24 20:44:59] [INFO] 训练周期:17/100 训练集 loss:0.7669 验证集 loss:0.7763 acc:0.9649
[2020-05-24 20:44:59] [INFO] 训练损失值持续 5 个周期没有提高，停止训练
[2020-05-24 20:44:59] [INFO] 
TextRCNN 开始训练.....
[2020-05-24 20:46:05] [INFO] 训练周期:2/100 训练集 loss:0.8407 验证集 loss:0.7934 acc:0.9467
[2020-05-24 20:47:14] [INFO] 训练周期:3/100 训练集 loss:0.7911 验证集 loss:0.7859 acc:0.9558
[2020-05-24 20:48:18] [INFO] 训练周期:4/100 训练集 loss:0.7840 验证集 loss:0.7824 acc:0.9589
[2020-05-24 20:49:24] [INFO] 训练周期:5/100 训练集 loss:0.7805 验证集 loss:0.7806 acc:0.9610
[2020-05-24 20:50:28] [INFO] 训练周期:6/100 训练集 loss:0.7778 验证集 loss:0.7794 acc:0.9632
[2020-05-24 20:51:32] [INFO] 训练周期:7/100 训练集 loss:0.7755 验证集 loss:0.7839 acc:0.9565
[2020-05-24 20:52:36] [INFO] 训练周期:8/100 训练集 loss:0.7736 验证集 loss:0.7792 acc:0.9618
[2020-05-24 20:53:41] [INFO] 训练周期:9/100 训练集 loss:0.7722 验证集 loss:0.7808 acc:0.9606
[2020-05-24 20:54:52] [INFO] 训练周期:10/100 训练集 loss:0.7710 验证集 loss:0.7767 acc:0.9642
[2020-05-24 20:55:55] [INFO] 训练周期:11/100 训练集 loss:0.7698 验证集 loss:0.7776 acc:0.9638
[2020-05-24 20:57:01] [INFO] 训练周期:12/100 训练集 loss:0.7689 验证集 loss:0.7763 acc:0.9662
[2020-05-24 20:58:08] [INFO] 训练周期:13/100 训练集 loss:0.7682 验证集 loss:0.7750 acc:0.9669
[2020-05-24 20:59:13] [INFO] 训练周期:14/100 训练集 loss:0.7671 验证集 loss:0.7758 acc:0.9659
[2020-05-24 21:00:18] [INFO] 训练周期:15/100 训练集 loss:0.7661 验证集 loss:0.7732 acc:0.9676
[2020-05-24 21:01:26] [INFO] 训练周期:16/100 训练集 loss:0.7654 验证集 loss:0.7728 acc:0.9693
[2020-05-24 21:02:39] [INFO] 训练周期:17/100 训练集 loss:0.7645 验证集 loss:0.7746 acc:0.9671
[2020-05-24 21:03:47] [INFO] 训练周期:18/100 训练集 loss:0.7639 验证集 loss:0.7740 acc:0.9677
[2020-05-24 21:04:51] [INFO] 训练周期:19/100 训练集 loss:0.7630 验证集 loss:0.7729 acc:0.9695
[2020-05-24 21:05:56] [INFO] 训练周期:20/100 训练集 loss:0.7623 验证集 loss:0.7723 acc:0.9691
[2020-05-24 21:07:03] [INFO] 训练周期:21/100 训练集 loss:0.7621 验证集 loss:0.7744 acc:0.9678
[2020-05-24 21:08:04] [INFO] 训练周期:22/100 训练集 loss:0.7614 验证集 loss:0.7725 acc:0.9694
[2020-05-24 21:09:05] [INFO] 训练周期:23/100 训练集 loss:0.7606 验证集 loss:0.7725 acc:0.9705
[2020-05-24 21:10:12] [INFO] 训练周期:24/100 训练集 loss:0.7602 验证集 loss:0.7729 acc:0.9698
[2020-05-24 21:11:24] [INFO] 训练周期:25/100 训练集 loss:0.7598 验证集 loss:0.7719 acc:0.9703
[2020-05-24 21:12:30] [INFO] 训练周期:26/100 训练集 loss:0.7592 验证集 loss:0.7726 acc:0.9705
[2020-05-24 21:13:34] [INFO] 训练周期:27/100 训练集 loss:0.7589 验证集 loss:0.7716 acc:0.9699
[2020-05-24 21:14:39] [INFO] 训练周期:28/100 训练集 loss:0.7585 验证集 loss:0.7738 acc:0.9687
[2020-05-24 21:15:47] [INFO] 训练周期:29/100 训练集 loss:0.7581 验证集 loss:0.7713 acc:0.9710
[2020-05-24 21:16:55] [INFO] 训练周期:30/100 训练集 loss:0.7577 验证集 loss:0.7761 acc:0.9664
[2020-05-24 21:18:03] [INFO] 训练周期:31/100 训练集 loss:0.7574 验证集 loss:0.7723 acc:0.9701
[2020-05-24 21:19:07] [INFO] 训练周期:32/100 训练集 loss:0.7576 验证集 loss:0.7741 acc:0.9673
[2020-05-24 21:20:12] [INFO] 训练周期:33/100 训练集 loss:0.7568 验证集 loss:0.7734 acc:0.9679
[2020-05-24 21:21:19] [INFO] 训练周期:34/100 训练集 loss:0.7567 验证集 loss:0.7734 acc:0.9684
[2020-05-24 21:21:19] [INFO] 训练损失值持续 5 个周期没有提高，停止训练

#================ 此段为复制的数据 特此告知 ===================#

Transformer 开始训练.....
[2020-05-24 16:42:28] [INFO] 训练周期:1/100 训练集 loss:0.6196 验证集 loss:0.2698 acc:0.9181
[2020-05-24 16:44:27] [INFO] 训练周期:2/100 训练集 loss:0.3299 验证集 loss:0.1762 acc:0.9411
[2020-05-24 16:46:27] [INFO] 训练周期:3/100 训练集 loss:0.2639 验证集 loss:0.1667 acc:0.9463
[2020-05-24 16:48:28] [INFO] 训练周期:4/100 训练集 loss:0.2307 验证集 loss:0.1545 acc:0.9491
[2020-05-24 16:50:22] [INFO] 训练周期:5/100 训练集 loss:0.2079 验证集 loss:0.1457 acc:0.9525
[2020-05-24 16:52:18] [INFO] 训练周期:6/100 训练集 loss:0.1915 验证集 loss:0.1467 acc:0.9548
[2020-05-24 16:54:13] [INFO] 训练周期:7/100 训练集 loss:0.1812 验证集 loss:0.1470 acc:0.9517
[2020-05-24 16:56:07] [INFO] 训练周期:8/100 训练集 loss:0.1752 验证集 loss:0.1408 acc:0.9562
[2020-05-24 16:57:58] [INFO] 训练周期:9/100 训练集 loss:0.1658 验证集 loss:0.1363 acc:0.9578
[2020-05-24 16:59:57] [INFO] 训练周期:10/100 训练集 loss:0.1595 验证集 loss:0.1334 acc:0.9576
[2020-05-24 17:01:50] [INFO] 训练周期:11/100 训练集 loss:0.1546 验证集 loss:0.1318 acc:0.9582
[2020-05-24 17:03:47] [INFO] 训练周期:12/100 训练集 loss:0.1507 验证集 loss:0.1346 acc:0.9585
[2020-05-24 17:05:43] [INFO] 训练周期:13/100 训练集 loss:0.1457 验证集 loss:0.1295 acc:0.9593
[2020-05-24 17:07:35] [INFO] 训练周期:14/100 训练集 loss:0.1481 验证集 loss:0.1235 acc:0.9599
[2020-05-24 17:09:37] [INFO] 训练周期:15/100 训练集 loss:0.1421 验证集 loss:0.1268 acc:0.9605
[2020-05-24 17:11:32] [INFO] 训练周期:16/100 训练集 loss:0.1383 验证集 loss:0.1243 acc:0.9608
[2020-05-24 17:13:29] [INFO] 训练周期:17/100 训练集 loss:0.1368 验证集 loss:0.1296 acc:0.9601
[2020-05-24 17:15:21] [INFO] 训练周期:18/100 训练集 loss:0.1355 验证集 loss:0.1222 acc:0.9617
[2020-05-24 17:17:18] [INFO] 训练周期:19/100 训练集 loss:0.1314 验证集 loss:0.1275 acc:0.9610
[2020-05-24 17:19:09] [INFO] 训练周期:20/100 训练集 loss:0.1291 验证集 loss:0.1223 acc:0.9616
[2020-05-24 17:21:05] [INFO] 训练周期:21/100 训练集 loss:0.1288 验证集 loss:0.1208 acc:0.9617
[2020-05-24 17:22:58] [INFO] 训练周期:22/100 训练集 loss:0.1274 验证集 loss:0.1192 acc:0.9623
[2020-05-24 17:24:57] [INFO] 训练周期:23/100 训练集 loss:0.1262 验证集 loss:0.1180 acc:0.9630
[2020-05-24 17:26:52] [INFO] 训练周期:24/100 训练集 loss:0.1238 验证集 loss:0.1288 acc:0.9600
[2020-05-24 17:28:46] [INFO] 训练周期:25/100 训练集 loss:0.1225 验证集 loss:0.1190 acc:0.9635
[2020-05-24 17:30:40] [INFO] 训练周期:26/100 训练集 loss:0.1228 验证集 loss:0.1153 acc:0.9633
[2020-05-24 17:32:39] [INFO] 训练周期:27/100 训练集 loss:0.1213 验证集 loss:0.1210 acc:0.9617
[2020-05-24 17:34:36] [INFO] 训练周期:28/100 训练集 loss:0.1238 验证集 loss:0.1153 acc:0.9630
[2020-05-24 17:36:32] [INFO] 训练周期:29/100 训练集 loss:0.1181 验证集 loss:0.1164 acc:0.9631
[2020-05-24 17:38:27] [INFO] 训练周期:30/100 训练集 loss:0.1163 验证集 loss:0.1149 acc:0.9637
[2020-05-24 17:40:31] [INFO] 训练周期:31/100 训练集 loss:0.1161 验证集 loss:0.1142 acc:0.9643
[2020-05-24 17:42:29] [INFO] 训练周期:32/100 训练集 loss:0.1170 验证集 loss:0.1161 acc:0.9638
[2020-05-24 17:44:26] [INFO] 训练周期:33/100 训练集 loss:0.1143 验证集 loss:0.1171 acc:0.9634
[2020-05-24 17:46:22] [INFO] 训练周期:34/100 训练集 loss:0.1128 验证集 loss:0.1135 acc:0.9640
[2020-05-24 17:48:22] [INFO] 训练周期:35/100 训练集 loss:0.1114 验证集 loss:0.1177 acc:0.9636
[2020-05-24 17:50:19] [INFO] 训练周期:36/100 训练集 loss:0.1125 验证集 loss:0.1149 acc:0.9646
[2020-05-24 17:52:15] [INFO] 训练周期:37/100 训练集 loss:0.1099 验证集 loss:0.1164 acc:0.9644
[2020-05-24 17:54:11] [INFO] 训练周期:38/100 训练集 loss:0.1088 验证集 loss:0.1159 acc:0.9642
[2020-05-24 17:56:10] [INFO] 训练周期:39/100 训练集 loss:0.1100 验证集 loss:0.1149 acc:0.9643
[2020-05-24 17:56:10] [INFO] 训练损失值持续 5 个周期没有提高，停止训练
