[2020-05-24 22:21:06] [INFO] 训练集数量:263505 测试集样本数量:30000 
[2020-05-24 22:21:06] [INFO] embedding级别:word 词典大小:50000 每个样本保留最长句子数:10 每句保留最长词\字数:50
[2020-05-24 22:21:11] [INFO] 
FastText 开始训练.....
[2020-05-24 22:21:52] [INFO] 训练周期:1/100 训练集 loss:0.9590 验证集 loss:0.8415 acc:0.9123
[2020-05-24 22:22:32] [INFO] 训练周期:2/100 训练集 loss:0.8217 验证集 loss:0.8128 acc:0.9320
[2020-05-24 22:23:11] [INFO] 训练周期:3/100 训练集 loss:0.8027 验证集 loss:0.8014 acc:0.9428
[2020-05-24 22:23:49] [INFO] 训练周期:4/100 训练集 loss:0.7928 验证集 loss:0.7948 acc:0.9491
[2020-05-24 22:24:27] [INFO] 训练周期:5/100 训练集 loss:0.7865 验证集 loss:0.7909 acc:0.9526
[2020-05-24 22:25:07] [INFO] 训练周期:6/100 训练集 loss:0.7822 验证集 loss:0.7883 acc:0.9548
[2020-05-24 22:25:47] [INFO] 训练周期:7/100 训练集 loss:0.7789 验证集 loss:0.7864 acc:0.9564
[2020-05-24 22:26:28] [INFO] 训练周期:8/100 训练集 loss:0.7762 验证集 loss:0.7848 acc:0.9577
[2020-05-24 22:27:09] [INFO] 训练周期:9/100 训练集 loss:0.7740 验证集 loss:0.7836 acc:0.9593
[2020-05-24 22:27:49] [INFO] 训练周期:10/100 训练集 loss:0.7721 验证集 loss:0.7826 acc:0.9599
[2020-05-24 22:28:29] [INFO] 训练周期:11/100 训练集 loss:0.7705 验证集 loss:0.7817 acc:0.9608
[2020-05-24 22:29:08] [INFO] 训练周期:12/100 训练集 loss:0.7691 验证集 loss:0.7810 acc:0.9613
[2020-05-24 22:29:47] [INFO] 训练周期:13/100 训练集 loss:0.7678 验证集 loss:0.7804 acc:0.9619
[2020-05-24 22:30:27] [INFO] 训练周期:14/100 训练集 loss:0.7667 验证集 loss:0.7799 acc:0.9622
[2020-05-24 22:31:06] [INFO] 训练周期:15/100 训练集 loss:0.7657 验证集 loss:0.7795 acc:0.9627
[2020-05-24 22:31:48] [INFO] 训练周期:16/100 训练集 loss:0.7648 验证集 loss:0.7791 acc:0.9628
[2020-05-24 22:32:30] [INFO] 训练周期:17/100 训练集 loss:0.7640 验证集 loss:0.7788 acc:0.9630
[2020-05-24 22:33:10] [INFO] 训练周期:18/100 训练集 loss:0.7633 验证集 loss:0.7786 acc:0.9635
[2020-05-24 22:33:50] [INFO] 训练周期:19/100 训练集 loss:0.7626 验证集 loss:0.7784 acc:0.9638
[2020-05-24 22:34:30] [INFO] 训练周期:20/100 训练集 loss:0.7619 验证集 loss:0.7783 acc:0.9639
[2020-05-24 22:35:10] [INFO] 训练周期:21/100 训练集 loss:0.7613 验证集 loss:0.7781 acc:0.9643
[2020-05-24 22:35:50] [INFO] 训练周期:22/100 训练集 loss:0.7608 验证集 loss:0.7780 acc:0.9645
[2020-05-24 22:36:28] [INFO] 训练周期:23/100 训练集 loss:0.7603 验证集 loss:0.7779 acc:0.9643
[2020-05-24 22:37:08] [INFO] 训练周期:24/100 训练集 loss:0.7598 验证集 loss:0.7778 acc:0.9642
[2020-05-24 22:37:49] [INFO] 训练周期:25/100 训练集 loss:0.7594 验证集 loss:0.7777 acc:0.9642
[2020-05-24 22:38:29] [INFO] 训练周期:26/100 训练集 loss:0.7590 验证集 loss:0.7775 acc:0.9644
[2020-05-24 22:39:08] [INFO] 训练周期:27/100 训练集 loss:0.7586 验证集 loss:0.7773 acc:0.9646
[2020-05-24 22:39:47] [INFO] 训练周期:28/100 训练集 loss:0.7582 验证集 loss:0.7772 acc:0.9649
[2020-05-24 22:40:28] [INFO] 训练周期:29/100 训练集 loss:0.7579 验证集 loss:0.7771 acc:0.9648
[2020-05-24 22:41:08] [INFO] 训练周期:30/100 训练集 loss:0.7575 验证集 loss:0.7771 acc:0.9649
[2020-05-24 22:41:47] [INFO] 训练周期:31/100 训练集 loss:0.7572 验证集 loss:0.7771 acc:0.9649
[2020-05-24 22:42:26] [INFO] 训练周期:32/100 训练集 loss:0.7570 验证集 loss:0.7770 acc:0.9650
[2020-05-24 22:43:07] [INFO] 训练周期:33/100 训练集 loss:0.7567 验证集 loss:0.7770 acc:0.9648
[2020-05-24 22:43:46] [INFO] 训练周期:34/100 训练集 loss:0.7565 验证集 loss:0.7770 acc:0.9648
[2020-05-24 22:44:25] [INFO] 训练周期:35/100 训练集 loss:0.7562 验证集 loss:0.7771 acc:0.9645
[2020-05-24 22:45:05] [INFO] 训练周期:36/100 训练集 loss:0.7560 验证集 loss:0.7772 acc:0.9645
[2020-05-24 22:45:43] [INFO] 训练周期:37/100 训练集 loss:0.7558 验证集 loss:0.7773 acc:0.9645
[2020-05-24 22:46:23] [INFO] 训练周期:38/100 训练集 loss:0.7556 验证集 loss:0.7773 acc:0.9648
[2020-05-24 22:46:23] [INFO] 训练损失值持续 5 个周期没有提高，停止训练
[2020-05-24 22:46:23] [INFO] 
TextCNN 开始训练.....
[2020-05-24 22:47:28] [INFO] 训练周期:2/100 训练集 loss:0.8594 验证集 loss:0.7914 acc:0.9525
[2020-05-24 22:48:31] [INFO] 训练周期:3/100 训练集 loss:0.7868 验证集 loss:0.7855 acc:0.9544
[2020-05-24 22:49:34] [INFO] 训练周期:4/100 训练集 loss:0.7794 验证集 loss:0.7870 acc:0.9537
[2020-05-24 22:50:40] [INFO] 训练周期:5/100 训练集 loss:0.7747 验证集 loss:0.7812 acc:0.9599
[2020-05-24 22:51:44] [INFO] 训练周期:6/100 训练集 loss:0.7720 验证集 loss:0.7744 acc:0.9653
[2020-05-24 22:52:49] [INFO] 训练周期:7/100 训练集 loss:0.7700 验证集 loss:0.7762 acc:0.9647
[2020-05-24 22:53:56] [INFO] 训练周期:8/100 训练集 loss:0.7685 验证集 loss:0.7810 acc:0.9600
[2020-05-24 22:55:05] [INFO] 训练周期:9/100 训练集 loss:0.7670 验证集 loss:0.7737 acc:0.9670
[2020-05-24 22:56:11] [INFO] 训练周期:10/100 训练集 loss:0.7661 验证集 loss:0.7776 acc:0.9619
[2020-05-24 22:57:18] [INFO] 训练周期:11/100 训练集 loss:0.7647 验证集 loss:0.7744 acc:0.9666
[2020-05-24 22:58:21] [INFO] 训练周期:12/100 训练集 loss:0.7641 验证集 loss:0.7759 acc:0.9647
[2020-05-24 22:59:28] [INFO] 训练周期:13/100 训练集 loss:0.7631 验证集 loss:0.7734 acc:0.9670
[2020-05-24 23:00:38] [INFO] 训练周期:14/100 训练集 loss:0.7624 验证集 loss:0.7734 acc:0.9678
[2020-05-24 23:01:51] [INFO] 训练周期:15/100 训练集 loss:0.7620 验证集 loss:0.7718 acc:0.9693
[2020-05-24 23:03:01] [INFO] 训练周期:16/100 训练集 loss:0.7613 验证集 loss:0.7833 acc:0.9579
[2020-05-24 23:04:13] [INFO] 训练周期:17/100 训练集 loss:0.7610 验证集 loss:0.7724 acc:0.9677
[2020-05-24 23:05:23] [INFO] 训练周期:18/100 训练集 loss:0.7604 验证集 loss:0.7838 acc:0.9553
[2020-05-24 23:06:34] [INFO] 训练周期:19/100 训练集 loss:0.7604 验证集 loss:0.7753 acc:0.9636
[2020-05-24 23:07:47] [INFO] 训练周期:20/100 训练集 loss:0.7598 验证集 loss:0.7764 acc:0.9632
[2020-05-24 23:07:47] [INFO] 训练损失值持续 5 个周期没有提高，停止训练
[2020-05-24 23:07:47] [INFO] 
TextRNN 开始训练.....
[2020-05-24 23:08:54] [INFO] 训练周期:2/100 训练集 loss:0.8477 验证集 loss:0.7961 acc:0.9411
[2020-05-24 23:09:57] [INFO] 训练周期:3/100 训练集 loss:0.7932 验证集 loss:0.7912 acc:0.9488
[2020-05-24 23:11:01] [INFO] 训练周期:4/100 训练集 loss:0.7839 验证集 loss:0.7792 acc:0.9607
[2020-05-24 23:12:03] [INFO] 训练周期:5/100 训练集 loss:0.7785 验证集 loss:0.7938 acc:0.9483
[2020-05-24 23:13:02] [INFO] 训练周期:6/100 训练集 loss:0.7743 验证集 loss:0.7776 acc:0.9618
[2020-05-24 23:14:10] [INFO] 训练周期:7/100 训练集 loss:0.7715 验证集 loss:0.7796 acc:0.9596
[2020-05-24 23:15:17] [INFO] 训练周期:8/100 训练集 loss:0.7692 验证集 loss:0.7782 acc:0.9607
[2020-05-24 23:16:26] [INFO] 训练周期:9/100 训练集 loss:0.7670 验证集 loss:0.7791 acc:0.9626
[2020-05-24 23:17:33] [INFO] 训练周期:10/100 训练集 loss:0.7649 验证集 loss:0.7736 acc:0.9658
[2020-05-24 23:18:40] [INFO] 训练周期:11/100 训练集 loss:0.7638 验证集 loss:0.7735 acc:0.9666
[2020-05-24 23:19:44] [INFO] 训练周期:12/100 训练集 loss:0.7621 验证集 loss:0.7828 acc:0.9589
[2020-05-24 23:20:47] [INFO] 训练周期:13/100 训练集 loss:0.7607 验证集 loss:0.7740 acc:0.9671
[2020-05-24 23:21:50] [INFO] 训练周期:14/100 训练集 loss:0.7596 验证集 loss:0.7711 acc:0.9702
[2020-05-24 23:22:54] [INFO] 训练周期:15/100 训练集 loss:0.7585 验证集 loss:0.7738 acc:0.9667
[2020-05-24 23:23:56] [INFO] 训练周期:16/100 训练集 loss:0.7578 验证集 loss:0.7717 acc:0.9685
[2020-05-24 23:24:55] [INFO] 训练周期:17/100 训练集 loss:0.7570 验证集 loss:0.7753 acc:0.9651
[2020-05-24 23:25:59] [INFO] 训练周期:18/100 训练集 loss:0.7566 验证集 loss:0.7732 acc:0.9690
[2020-05-24 23:27:00] [INFO] 训练周期:19/100 训练集 loss:0.7559 验证集 loss:0.7760 acc:0.9641
[2020-05-24 23:27:00] [INFO] 训练损失值持续 5 个周期没有提高，停止训练
[2020-05-24 23:27:00] [INFO] 
TextRCNN 开始训练.....
[2020-05-24 23:28:11] [INFO] 训练周期:2/100 训练集 loss:0.8427 验证集 loss:0.7987 acc:0.9404
[2020-05-24 23:29:25] [INFO] 训练周期:3/100 训练集 loss:0.7864 验证集 loss:0.7998 acc:0.9412
[2020-05-24 23:30:44] [INFO] 训练周期:4/100 训练集 loss:0.7776 验证集 loss:0.7775 acc:0.9637
[2020-05-24 23:31:56] [INFO] 训练周期:5/100 训练集 loss:0.7725 验证集 loss:0.7799 acc:0.9619
[2020-05-24 23:33:09] [INFO] 训练周期:6/100 训练集 loss:0.7691 验证集 loss:0.7784 acc:0.9619
[2020-05-24 23:34:19] [INFO] 训练周期:7/100 训练集 loss:0.7662 验证集 loss:0.7769 acc:0.9638
[2020-05-24 23:35:33] [INFO] 训练周期:8/100 训练集 loss:0.7640 验证集 loss:0.7754 acc:0.9635
[2020-05-24 23:36:43] [INFO] 训练周期:9/100 训练集 loss:0.7621 验证集 loss:0.7726 acc:0.9699
[2020-05-24 23:37:59] [INFO] 训练周期:10/100 训练集 loss:0.7605 验证集 loss:0.7715 acc:0.9699
[2020-05-24 23:39:09] [INFO] 训练周期:11/100 训练集 loss:0.7590 验证集 loss:0.7762 acc:0.9633
[2020-05-24 23:40:28] [INFO] 训练周期:12/100 训练集 loss:0.7578 验证集 loss:0.7703 acc:0.9712
[2020-05-24 23:41:48] [INFO] 训练周期:13/100 训练集 loss:0.7568 验证集 loss:0.7734 acc:0.9682
[2020-05-24 23:43:11] [INFO] 训练周期:14/100 训练集 loss:0.7560 验证集 loss:0.7715 acc:0.9710
[2020-05-24 23:44:36] [INFO] 训练周期:15/100 训练集 loss:0.7552 验证集 loss:0.7711 acc:0.9698
[2020-05-24 23:45:50] [INFO] 训练周期:16/100 训练集 loss:0.7545 验证集 loss:0.7734 acc:0.9684
[2020-05-24 23:47:03] [INFO] 训练周期:17/100 训练集 loss:0.7540 验证集 loss:0.7719 acc:0.9707
[2020-05-24 23:47:03] [INFO] 训练损失值持续 5 个周期没有提高，停止训练
[2020-05-24 23:47:03] [INFO] 
Transformer 开始训练.....
[2020-05-24 23:49:04] [INFO] 训练周期:2/100 训练集 loss:0.6169 验证集 loss:0.2619 acc:0.9092
[2020-05-24 23:51:03] [INFO] 训练周期:3/100 训练集 loss:0.3219 验证集 loss:0.2011 acc:0.9328
[2020-05-24 23:52:59] [INFO] 训练周期:4/100 训练集 loss:0.2514 验证集 loss:0.1528 acc:0.9467
[2020-05-24 23:54:53] [INFO] 训练周期:5/100 训练集 loss:0.2091 验证集 loss:0.1426 acc:0.9497
[2020-05-24 23:56:52] [INFO] 训练周期:6/100 训练集 loss:0.1848 验证集 loss:0.1281 acc:0.9576
[2020-05-24 23:58:49] [INFO] 训练周期:7/100 训练集 loss:0.1648 验证集 loss:0.1247 acc:0.9588
[2020-05-25 00:01:06] [INFO] 训练周期:8/100 训练集 loss:0.1563 验证集 loss:0.1364 acc:0.9549
[2020-05-25 00:03:26] [INFO] 训练周期:9/100 训练集 loss:0.1433 验证集 loss:0.1147 acc:0.9606
[2020-05-25 00:05:36] [INFO] 训练周期:10/100 训练集 loss:0.1352 验证集 loss:0.1188 acc:0.9627
[2020-05-25 00:07:35] [INFO] 训练周期:11/100 训练集 loss:0.1270 验证集 loss:0.1099 acc:0.9650
[2020-05-25 00:09:32] [INFO] 训练周期:12/100 训练集 loss:0.1231 验证集 loss:0.1105 acc:0.9641
[2020-05-25 00:11:26] [INFO] 训练周期:13/100 训练集 loss:0.1169 验证集 loss:0.1070 acc:0.9659
[2020-05-25 00:13:24] [INFO] 训练周期:14/100 训练集 loss:0.1135 验证集 loss:0.1046 acc:0.9664
[2020-05-25 00:15:22] [INFO] 训练周期:15/100 训练集 loss:0.1094 验证集 loss:0.1137 acc:0.9660
[2020-05-25 00:17:19] [INFO] 训练周期:16/100 训练集 loss:0.1064 验证集 loss:0.1103 acc:0.9660
[2020-05-25 00:19:21] [INFO] 训练周期:17/100 训练集 loss:0.1016 验证集 loss:0.1055 acc:0.9670
[2020-05-25 00:21:22] [INFO] 训练周期:18/100 训练集 loss:0.0992 验证集 loss:0.1078 acc:0.9684
[2020-05-25 00:23:29] [INFO] 训练周期:19/100 训练集 loss:0.0972 验证集 loss:0.1107 acc:0.9670
[2020-05-25 00:23:29] [INFO] 训练损失值持续 5 个周期没有提高，停止训练
